# JRE version: OpenJDK Runtime Environment (11.0.10) (build 11.0.10+0-b96-7249189)
# Java VM: OpenJDK 64-Bit Server VM (11.0.10+0-b96-7249189, mixed mode, tiered, compressed oops, g1 gc, windows-amd64)
Heap:
 garbage-first heap   total 131072K, used 68329K [0x0000000080000000, 0x0000000100000000)
  region size 1024K, 20 young (20480K), 5 survivors (5120K)
 Metaspace       used 47924K, capacity 49285K, committed 49408K, reserved 1091584K
  class space    used 6167K, capacity 6634K, committed 6656K, reserved 1048576K
GC Heap History (20 events):
Event: 4.008 GC heap before
{Heap before GC invocations=2 (full 0):
 garbage-first heap   total 131072K, used 36864K [0x0000000080000000, 0x0000000100000000)
  region size 1024K, 29 young (29696K), 2 survivors (2048K)
 Metaspace       used 10813K, capacity 11075K, committed 11264K, reserved 1058816K
  class space    used 1124K, capacity 1206K, committed 1280K, reserved 1048576K
}
Event: 4.015 GC heap after
{Heap after GC invocations=3 (full 0):
 garbage-first heap   total 131072K, used 9972K [0x0000000080000000, 0x0000000100000000)
  region size 1024K, 3 young (3072K), 3 survivors (3072K)
 Metaspace       used 10813K, capacity 11075K, committed 11264K, reserved 1058816K
  class space    used 1124K, capacity 1206K, committed 1280K, reserved 1048576K
}
Event: 5.903 GC heap before
{Heap before GC invocations=3 (full 0):
 garbage-first heap   total 131072K, used 50932K [0x0000000080000000, 0x0000000100000000)
  region size 1024K, 43 young (44032K), 3 survivors (3072K)
 Metaspace       used 17189K, capacity 17622K, committed 17792K, reserved 1064960K
  class space    used 1973K, capacity 2129K, committed 2176K, reserved 1048576K
}
Event: 5.911 GC heap after
{Heap after GC invocations=4 (full 0):
 garbage-first heap   total 131072K, used 15843K [0x0000000080000000, 0x0000000100000000)
  region size 1024K, 6 young (6144K), 6 survivors (6144K)
 Metaspace       used 17189K, capacity 17622K, committed 17792K, reserved 1064960K
  class space    used 1973K, capacity 2129K, committed 2176K, reserved 1048576K
}
Event: 7.980 GC heap before
{Heap before GC invocations=4 (full 0):
 garbage-first heap   total 131072K, used 45539K [0x0000000080000000, 0x0000000100000000)
  region size 1024K, 36 young (36864K), 6 survivors (6144K)
 Metaspace       used 20562K, capacity 21093K, committed 21248K, reserved 1067008K
  class space    used 2505K, capacity 2699K, committed 2816K, reserved 1048576K
}
Event: 7.994 GC heap after
{Heap after GC invocations=5 (full 0):
 garbage-first heap   total 131072K, used 16719K [0x0000000080000000, 0x0000000100000000)
  region size 1024K, 5 young (5120K), 5 survivors (5120K)
 Metaspace       used 20562K, capacity 21093K, committed 21248K, reserved 1067008K
  class space    used 2505K, capacity 2699K, committed 2816K, reserved 1048576K
}
Event: 14.245 GC heap before
{Heap before GC invocations=6 (full 0):
 garbage-first heap   total 131072K, used 65871K [0x0000000080000000, 0x0000000100000000)
  region size 1024K, 54 young (55296K), 5 survivors (5120K)
 Metaspace       used 25923K, capacity 26563K, committed 26752K, reserved 1073152K
  class space    used 3385K, capacity 3634K, committed 3712K, reserved 1048576K
}
Event: 14.255 GC heap after
{Heap after GC invocations=7 (full 0):
 garbage-first heap   total 131072K, used 18738K [0x0000000080000000, 0x0000000100000000)
  region size 1024K, 3 young (3072K), 3 survivors (3072K)
 Metaspace       used 25923K, capacity 26563K, committed 26752K, reserved 1073152K
  class space    used 3385K, capacity 3634K, committed 3712K, reserved 1048576K
}
Event: 23.246 GC heap before
{Heap before GC invocations=7 (full 0):
 garbage-first heap   total 131072K, used 88370K [0x0000000080000000, 0x0000000100000000)
  region size 1024K, 61 young (62464K), 3 survivors (3072K)
 Metaspace       used 32319K, capacity 33078K, committed 33408K, reserved 1077248K
  class space    used 4333K, capacity 4630K, committed 4736K, reserved 1048576K
}
Event: 23.259 GC heap after
{Heap after GC invocations=8 (full 0):
 garbage-first heap   total 131072K, used 32632K [0x0000000080000000, 0x0000000100000000)
  region size 1024K, 7 young (7168K), 7 survivors (7168K)
 Metaspace       used 32319K, capacity 33078K, committed 33408K, reserved 1077248K
  class space    used 4333K, capacity 4630K, committed 4736K, reserved 1048576K
}
Event: 23.909 GC heap before
{Heap before GC invocations=8 (full 0):
 garbage-first heap   total 131072K, used 39800K [0x0000000080000000, 0x0000000100000000)
  region size 1024K, 15 young (15360K), 7 survivors (7168K)
 Metaspace       used 34801K, capacity 35705K, committed 35840K, reserved 1081344K
  class space    used 4538K, capacity 4867K, committed 4992K, reserved 1048576K
}
Event: 23.922 GC heap after
{Heap after GC invocations=9 (full 0):
 garbage-first heap   total 131072K, used 33835K [0x0000000080000000, 0x0000000100000000)
  region size 1024K, 5 young (5120K), 5 survivors (5120K)
 Metaspace       used 34801K, capacity 35705K, committed 35840K, reserved 1081344K
  class space    used 4538K, capacity 4867K, committed 4992K, reserved 1048576K
}
Event: 26.332 GC heap before
{Heap before GC invocations=10 (full 0):
 garbage-first heap   total 131072K, used 90155K [0x0000000080000000, 0x0000000100000000)
  region size 1024K, 58 young (59392K), 5 survivors (5120K)
 Metaspace       used 40487K, capacity 41500K, committed 41728K, reserved 1085440K
  class space    used 5179K, capacity 5539K, committed 5632K, reserved 1048576K
}
Event: 26.353 GC heap after
{Heap after GC invocations=11 (full 0):
 garbage-first heap   total 131072K, used 38442K [0x0000000080000000, 0x0000000100000000)
  region size 1024K, 6 young (6144K), 6 survivors (6144K)
 Metaspace       used 40487K, capacity 41500K, committed 41728K, reserved 1085440K
  class space    used 5179K, capacity 5539K, committed 5632K, reserved 1048576K
}
Event: 28.816 GC heap before
{Heap before GC invocations=12 (full 0):
 garbage-first heap   total 131072K, used 97834K [0x0000000080000000, 0x0000000100000000)
  region size 1024K, 59 young (60416K), 6 survivors (6144K)
 Metaspace       used 44980K, capacity 46102K, committed 46336K, reserved 1089536K
  class space    used 5871K, capacity 6288K, committed 6400K, reserved 1048576K
}
Event: 28.830 GC heap after
{Heap after GC invocations=13 (full 0):
 garbage-first heap   total 131072K, used 46506K [0x0000000080000000, 0x0000000100000000)
  region size 1024K, 7 young (7168K), 7 survivors (7168K)
 Metaspace       used 44980K, capacity 46102K, committed 46336K, reserved 1089536K
  class space    used 5871K, capacity 6288K, committed 6400K, reserved 1048576K
}
Event: 29.434 GC heap before
{Heap before GC invocations=13 (full 0):
 garbage-first heap   total 131072K, used 98730K [0x0000000080000000, 0x0000000100000000)
  region size 1024K, 58 young (59392K), 7 survivors (7168K)
 Metaspace       used 45058K, capacity 46166K, committed 46336K, reserved 1089536K
  class space    used 5871K, capacity 6288K, committed 6400K, reserved 1048576K
}
Event: 29.447 GC heap after
{Heap after GC invocations=14 (full 0):
 garbage-first heap   total 131072K, used 48075K [0x0000000080000000, 0x0000000100000000)
  region size 1024K, 5 young (5120K), 5 survivors (5120K)
 Metaspace       used 45058K, capacity 46166K, committed 46336K, reserved 1089536K
  class space    used 5871K, capacity 6288K, committed 6400K, reserved 1048576K
}
Event: 34.009 GC heap before
{Heap before GC invocations=14 (full 0):
 garbage-first heap   total 131072K, used 103371K [0x0000000080000000, 0x0000000100000000)
  region size 1024K, 56 young (57344K), 5 survivors (5120K)
 Metaspace       used 47386K, capacity 48616K, committed 48896K, reserved 1091584K
  class space    used 6121K, capacity 6585K, committed 6656K, reserved 1048576K
}
Event: 34.023 GC heap after
{Heap after GC invocations=15 (full 0):
 garbage-first heap   total 131072K, used 53993K [0x0000000080000000, 0x0000000100000000)
  region size 1024K, 5 young (5120K), 5 survivors (5120K)
 Metaspace       used 47386K, capacity 48616K, committed 48896K, reserved 1091584K
  class space    used 6121K, capacity 6585K, committed 6656K, reserved 1048576K
}

